**********************
PowerShell transcript start
Start time: 20220926030036
Username: 50bfab48ef04\root
RunAs User: 50bfab48ef04\root
Configuration Name: 
Machine: 50bfab48ef04 (Unix 5.15.53.1)
Host Application: /opt/microsoft/powershell/7/pwsh.dll /config/qbtAutoExtract.ps1
Process ID: 6291
PSVersion: 7.2.4
PSEdition: Core
GitCommitId: 7.2.4
OS: Linux 5.15.53-1-pve #1 SMP PVE 5.15.53-1 (Fri, 26 Aug 2022 16:53:52 +0200)
Platform: Unix
PSCompatibleVersions: 1.0, 2.0, 3.0, 4.0, 5.0, 5.1.10032.0, 6.0.0, 6.1.0, 6.2.0, 7.0.0, 7.1.0, 7.2.4
PSRemotingProtocolVersion: 2.3
SerializationVersion: 1.1.0.1
WSManStackVersion: 3.0
**********************
Transcript started, output file is /config/qbtExtract.log
Starting Sonarr
Starting Radarr
Starting Lidarr
Starting Readarra
/downloads/qcomplete/readarra/The Gut Balance Revolution by Gerard E. Mullin EPUB

UNRAR 6.02 freeware      Copyright (c) 1993-2021 Alexander Roshal

No files to extract

UNRAR 6.02 freeware      Copyright (c) 1993-2021 Alexander Roshal

No files to extract
0
Starting Readarrb
**********************
PowerShell transcript end
End time: 20220926030036
**********************
